<?xml version="1.0" encoding="UTF-8"?>
<testsuite name="tests.LoginTests" tests="1" skipped="0" failures="0" errors="0" timestamp="2023-03-22T20:54:48" hostname="MacBook-Air-Mendel.local" time="1.869">
  <properties/>
  <testcase name="loginSuccess" classname="tests.LoginTests" time="1.869"/>
  <system-out><![CDATA[]]></system-out>
  <system-err><![CDATA[]]></system-err>
</testsuite>
